Duplicate entry: 
Duplicate entry: 
Duplicate entry: 
Duplicate entry: 
Duplicate entry: 
Duplicate entry: 
Duplicate entry: 
Duplicate entry: I-4GNSKNXC0096
Duplicate entry: 
Duplicate entry: 
Duplicate entry: 
Duplicate entry: 
Duplicate entry: 
Duplicate entry: 
Duplicate entry: 
Duplicate entry: 
Duplicate entry: 
Duplicate entry: 
Duplicate entry: 
Duplicate entry: I-4GNSKNXC0096
Duplicate entry: 
Duplicate entry: 
Duplicate entry: 
Duplicate entry: 
Duplicate entry: 
Duplicate entry: 
Duplicate entry: 
Duplicate entry: 
Duplicate entry: 
Duplicate entry: 
Duplicate entry: 
Duplicate entry: I-4GNSKNXC0096
Duplicate entry: 
Duplicate entry: 
Duplicate entry: 
Duplicate entry: 
Duplicate entry: 
Duplicate entry: 
Duplicate entry: 
Duplicate entry: 
Duplicate entry: 
Duplicate entry: 
Duplicate entry: 
Duplicate entry: I-4GNSKNXC0096
Duplicate entry: 
Duplicate entry: 
Duplicate entry: 
Duplicate entry: 
Duplicate entry: 
Duplicate entry: 
Duplicate entry: 
Duplicate entry: 
Duplicate entry: 
Duplicate entry: 
Duplicate entry: 
Duplicate entry: I-4GNSKNXC0096
Duplicate entry: 
Duplicate entry: 
Duplicate entry: 
Duplicate entry: 
Duplicate entry: 
Duplicate entry: 
Duplicate entry: 
Duplicate entry: 
Duplicate entry: 
Duplicate entry: 
Duplicate entry: 
Duplicate entry: 
Duplicate entry: 
Duplicate entry: 
Duplicate entry: 
Duplicate entry: 
Duplicate entry: 
Duplicate entry: I-4GNSKNXC0096
Duplicate entry: 
Duplicate entry: 
Duplicate entry: 
Duplicate entry: 
Duplicate entry: 
Duplicate entry: 
Duplicate entry: 
Duplicate entry: 
Duplicate entry: 
Duplicate entry: 
Duplicate entry: 
Duplicate entry: I-4GNSKNXC0096
Duplicate entry: 
Duplicate entry: 
Duplicate entry: 
Duplicate entry: 
Duplicate entry: 
Duplicate entry: 
Duplicate entry: 
Duplicate entry: 
Duplicate entry: 
Duplicate entry: 
Duplicate entry: 
Duplicate entry: I-4GNSKNXC0096
Duplicate entry: 
Duplicate entry: 
Duplicate entry: 
Duplicate entry: 
Duplicate entry: 
Duplicate entry: 
Duplicate entry: 
Duplicate entry: 
Duplicate entry: 
Duplicate entry: 
Duplicate entry: 
Duplicate entry: I-4GNSKNXC0096
Duplicate entry: 
Duplicate entry: 
Duplicate entry: 
Duplicate entry: 
Duplicate entry: 
Duplicate entry: 
Duplicate entry: 
Duplicate entry: 
Duplicate entry: 
Duplicate entry: 
Duplicate entry: 
Duplicate entry: I-4GNSKNXC0096
Duplicate entry: 
Duplicate entry: 
Duplicate entry: 
Duplicate entry: 
Duplicate entry: 
Duplicate entry: 
Duplicate entry: 
Duplicate entry: 
Duplicate entry: 
Duplicate entry: 
Duplicate entry: 
Duplicate entry: I-4GNSKNXC0096
Duplicate entry: 
Duplicate entry: 
Duplicate entry: 
Duplicate entry: 
Duplicate entry: 
Duplicate entry: 
Duplicate entry: 
Duplicate entry: 
Duplicate entry: 
Duplicate entry: 
Duplicate entry: 
Duplicate entry: I-4GNSKNXC0096
Duplicate entry: 
Duplicate entry: 
Duplicate entry: 
Duplicate entry: 
Duplicate entry: 
Duplicate entry: 
Duplicate entry: 
Duplicate entry: 
Duplicate entry: 
Duplicate entry: 
Duplicate entry: 
Duplicate entry: I-4GNSKNXC0096
Duplicate entry: 
Duplicate entry: 
Duplicate entry: 
Duplicate entry: 
Duplicate entry: 
Duplicate entry: 
Duplicate entry: 
Duplicate entry: 
Duplicate entry: 
Duplicate entry: 
Duplicate entry: 
Duplicate entry: I-4GNSKNXC0096
Duplicate entry: 
Duplicate entry: 
Duplicate entry: 
Duplicate entry: 
Duplicate entry: 
Duplicate entry: 
Duplicate entry: 
Duplicate entry: 
Duplicate entry: 
Duplicate entry: 
Duplicate entry: 
Duplicate entry: I-4GNSKNXC0096
Duplicate entry: 
Duplicate entry: 
Duplicate entry: 
Duplicate entry: 
Duplicate entry: 
Duplicate entry: 
Duplicate entry: 
Duplicate entry: 
Duplicate entry: 
Duplicate entry: 
Duplicate entry: 
Duplicate entry: I-4GNSKNXC0096
Duplicate entry: 
Duplicate entry: 
Duplicate entry: 
Duplicate entry: 
Duplicate entry: 
Duplicate entry: 
Duplicate entry: 
Duplicate entry: 
Duplicate entry: 
Duplicate entry: 
Duplicate entry: 
Duplicate entry: I-4GNSKNXC0096
Duplicate entry: 
Duplicate entry: 
Duplicate entry: 
Duplicate entry: 
Duplicate entry: 
Duplicate entry: 
Duplicate entry: 
Duplicate entry: 
Duplicate entry: 
Duplicate entry: 
Duplicate entry: 
Duplicate entry: I-4GNSKNXC0096
Duplicate entry: 
Duplicate entry: 
Duplicate entry: 
Duplicate entry: 
Duplicate entry: 
Duplicate entry: 
Duplicate entry: 
Duplicate entry: 
Duplicate entry: 
Duplicate entry: 
Duplicate entry: 
Duplicate entry: I-4GNSKNXC0096
Duplicate entry: 
Duplicate entry: 
Duplicate entry: 
Duplicate entry: 
Duplicate entry: 
Duplicate entry: 
Duplicate entry: 
Duplicate entry: 
Duplicate entry: 
Duplicate entry: 
Duplicate entry: 
Duplicate entry: I-4GNSKNXC0096
Duplicate entry: 
Duplicate entry: 
Duplicate entry: 
Duplicate entry: 
Duplicate entry: 
Duplicate entry: 
Duplicate entry: 
Duplicate entry: 
Duplicate entry: 
Duplicate entry: 
Duplicate entry: 
Duplicate entry: I-4GNSKNXC0096
Duplicate entry: 
Duplicate entry: 
Duplicate entry: 
Duplicate entry: 
Duplicate entry: 
Duplicate entry: 
Duplicate entry: 
Duplicate entry: 
Duplicate entry: 
Duplicate entry: 
Duplicate entry: 
Duplicate entry: I-4GNSKNXC0096
Duplicate entry: 
Duplicate entry: 
Duplicate entry: 
Duplicate entry: 
Duplicate entry: 
Duplicate entry: 
Duplicate entry: 
Duplicate entry: 
Duplicate entry: I-HECS3PLE1FHV
Duplicate entry: 
Duplicate entry: 
Duplicate entry: 
Duplicate entry: 
Duplicate entry: 
Duplicate entry: 
Duplicate entry: 
Duplicate entry: 
Duplicate entry: 
Duplicate entry: I-FH0DX8MY77PD
Duplicate entry: I-FEH98H78APKP
Duplicate entry: I-LN4AN9DY890A
Duplicate entry: I-22Y9AV7SX43T
Duplicate entry: I-NHG29NBRE07V
Duplicate entry: I-PWAUGR7ERN5V
Duplicate entry: 
Duplicate entry: 
Duplicate entry: 
Duplicate entry: 
Duplicate entry: I-HECS3PLE1FHV
Duplicate entry: 
Duplicate entry: 
Duplicate entry: 
Duplicate entry: 
Duplicate entry: 
Duplicate entry: 
Duplicate entry: 
Duplicate entry: 
Duplicate entry: 
Duplicate entry: 
Duplicate entry: I-FH0DX8MY77PD
Duplicate entry: I-FEH98H78APKP
Duplicate entry: I-LN4AN9DY890A
Duplicate entry: I-22Y9AV7SX43T
Duplicate entry: I-NHG29NBRE07V
Duplicate entry: I-PWAUGR7ERN5V
Duplicate entry: 
Duplicate entry: 
Duplicate entry: 
Duplicate entry: 
Duplicate entry: I-FH0DX8MY77PD
Duplicate entry: 
Duplicate entry: 
Duplicate entry: 
Duplicate entry: 
Duplicate entry: I-HECS3PLE1FHV
Duplicate entry: 
Duplicate entry: 
Duplicate entry: 
Duplicate entry: 
Duplicate entry: 
Duplicate entry: 
Duplicate entry: 
Duplicate entry: 
Duplicate entry: 
Duplicate entry: 
Duplicate entry: I-FH0DX8MY77PD
Duplicate entry: I-FEH98H78APKP
Duplicate entry: I-LN4AN9DY890A
Duplicate entry: I-22Y9AV7SX43T
Duplicate entry: I-NHG29NBRE07V
Duplicate entry: I-PWAUGR7ERN5V
Duplicate entry: 
Duplicate entry: 
Duplicate entry: 
Duplicate entry: 
Duplicate entry: I-HECS3PLE1FHV
Duplicate entry: 
Duplicate entry: 
Duplicate entry: 
Duplicate entry: 
Duplicate entry: 
Duplicate entry: 
Duplicate entry: 
Duplicate entry: 
Duplicate entry: 
Duplicate entry: 
Duplicate entry: I-FH0DX8MY77PD
Duplicate entry: I-FEH98H78APKP
Duplicate entry: I-LN4AN9DY890A
Duplicate entry: I-22Y9AV7SX43T
Duplicate entry: I-NHG29NBRE07V
Duplicate entry: I-PWAUGR7ERN5V
Duplicate entry: 
Duplicate entry: 
Duplicate entry: 
Duplicate entry: 
Duplicate entry: I-FH0DX8MY77PD
